<?xml version="1.0" encoding="UTF-8"?>
<!-- Generated by org.testng.reporters.JUnitReportReporter -->
<testsuite hostname="LAPTOP-MTM55RTD" failures="0" tests="1" name="com.maven.BaseClass" time="5.310" errors="0" timestamp="29 Dec 2018 17:02:12 GMT" skipped="0">
  <testcase classname="com.maven.BaseClass" name="setup" time="5.310"/>
</testsuite> <!-- com.maven.BaseClass -->
